0 info it worked if it ends with ok
1 verbose cli [ 'node',
1 verbose cli   '/home/roy/.nvm/versions/node/v0.12.2/bin/npm',
1 verbose cli   'publish' ]
2 info using npm@2.9.0
3 info using node@v0.12.2
4 verbose publish [ '.' ]
5 silly cache add args [ '.', null ]
6 verbose cache add spec .
7 silly cache add parsed spec { raw: '.',
7 silly cache add   scope: null,
7 silly cache add   name: null,
7 silly cache add   rawSpec: '.',
7 silly cache add   spec: '/home/roy/Development/ticketscript/toolbelt',
7 silly cache add   type: 'directory' }
8 verbose addLocalDirectory /home/roy/.npm/gulp-toolbelt/1.0.3/package.tgz not in flight; packing
9 verbose tar pack [ '/home/roy/.npm/gulp-toolbelt/1.0.3/package.tgz',
9 verbose tar pack   '/home/roy/Development/ticketscript/toolbelt' ]
10 verbose tarball /home/roy/.npm/gulp-toolbelt/1.0.3/package.tgz
11 verbose folder /home/roy/Development/ticketscript/toolbelt
12 info prepublish gulp-toolbelt@1.0.3
13 verbose addLocalTarball adding from inside cache /home/roy/.npm/gulp-toolbelt/1.0.3/package.tgz
14 silly cache afterAdd gulp-toolbelt@1.0.3
15 verbose afterAdd /home/roy/.npm/gulp-toolbelt/1.0.3/package/package.json not in flight; writing
16 verbose afterAdd /home/roy/.npm/gulp-toolbelt/1.0.3/package/package.json written
17 silly publish { name: 'gulp-toolbelt',
17 silly publish   version: '1.0.3',
17 silly publish   description: 'The Swiss Army Gulp toolbelt',
17 silly publish   main: 'gulpfile.js',
17 silly publish   scripts: { test: 'gulp test' },
17 silly publish   repository:
17 silly publish    { type: 'git',
17 silly publish      url: 'git+https://github.com/ticketscript/gulp-toolbelt.git' },
17 silly publish   author: { name: 'Roy Klopper', email: 'roy.klopper@ticketscript.nl' },
17 silly publish   license: 'MIT',
17 silly publish   bugs: { url: 'https://github.com/ticketscript/gulp-toolbelt/issues' },
17 silly publish   homepage: 'https://github.com/ticketscript/gulp-toolbelt#readme',
17 silly publish   dependencies:
17 silly publish    { del: '^1.2.0',
17 silly publish      gulp: '^3.9.0',
17 silly publish      'gulp-autoprefixer': '^2.3.1',
17 silly publish      'gulp-bump': '^0.3.1',
17 silly publish      'gulp-concat': '^2.5.2',
17 silly publish      'gulp-csso': '^1.0.0',
17 silly publish      'gulp-imagemin': '^2.2.1',
17 silly publish      'gulp-livereload': '^3.8.0',
17 silly publish      'gulp-load-plugins': '^0.10.0',
17 silly publish      'gulp-nodemon': '^2.0.3',
17 silly publish      'gulp-plumber': '^1.0.1',
17 silly publish      'gulp-print': '^1.1.0',
17 silly publish      'gulp-rename': '^1.2.2',
17 silly publish      'gulp-sass': '^2.0.1',
17 silly publish      'gulp-sourcemaps': '^1.5.2',
17 silly publish      'gulp-task-listing': '^1.0.0',
17 silly publish      'gulp-uglify': '^1.2.0',
17 silly publish      'gulp-util': '^3.0.5',
17 silly publish      'gulp-watch': '^4.2.4',
17 silly publish      lodash: '^3.9.3',
17 silly publish      yargs: '^3.10.0' },
17 silly publish   gitHead: '18a4836afe6d5aa2f7336bc90089167e2a05d165',
17 silly publish   readme: 'ERROR: No README data found!',
17 silly publish   _id: 'gulp-toolbelt@1.0.3',
17 silly publish   _shasum: 'eb5f8e55cb5d36205da6f2c6c983059d6ff18aeb',
17 silly publish   _from: '.' }
18 verbose getPublishConfig undefined
19 silly mapToRegistry name gulp-toolbelt
20 silly mapToRegistry using default registry
21 silly mapToRegistry registry https://registry.npmjs.org/
22 silly mapToRegistry uri https://registry.npmjs.org/gulp-toolbelt
23 verbose publish registryBase https://registry.npmjs.org/
24 silly publish uploading /home/roy/.npm/gulp-toolbelt/1.0.3/package.tgz
25 verbose request uri https://registry.npmjs.org/gulp-toolbelt
26 verbose request sending authorization for write operation
27 info attempt registry request try #1 at 4:04:31 PM
28 verbose request using bearer token for auth
29 verbose request id 1285adbc410cac83
30 http request PUT https://registry.npmjs.org/gulp-toolbelt
31 http 403 https://registry.npmjs.org/gulp-toolbelt
32 verbose headers { 'content-type': 'application/json',
32 verbose headers   'cache-control': 'max-age=60',
32 verbose headers   'content-length': '95',
32 verbose headers   'accept-ranges': 'bytes',
32 verbose headers   date: 'Fri, 05 Jun 2015 14:04:32 GMT',
32 verbose headers   via: '1.1 varnish',
32 verbose headers   connection: 'keep-alive',
32 verbose headers   'x-served-by': 'cache-lcy1126-LCY',
32 verbose headers   'x-cache': 'MISS',
32 verbose headers   'x-cache-hits': '0',
32 verbose headers   'x-timer': 'S1433513072.048479,VS0,VE628' }
33 verbose request invalidating /home/roy/.npm/registry.npmjs.org/gulp-toolbelt on PUT
34 error publish Failed PUT 403
35 verbose stack Error: "You cannot publish over the previously published version 1.0.3." : gulp-toolbelt
35 verbose stack     at CachingRegistryClient.<anonymous> (/home/roy/.nvm/versions/node/v0.12.2/lib/node_modules/npm/node_modules/npm-registry-client/lib/request.js:247:14)
35 verbose stack     at Request._callback (/home/roy/.nvm/versions/node/v0.12.2/lib/node_modules/npm/node_modules/npm-registry-client/lib/request.js:170:14)
35 verbose stack     at Request.self.callback (/home/roy/.nvm/versions/node/v0.12.2/lib/node_modules/npm/node_modules/request/request.js:368:22)
35 verbose stack     at Request.emit (events.js:110:17)
35 verbose stack     at Request.<anonymous> (/home/roy/.nvm/versions/node/v0.12.2/lib/node_modules/npm/node_modules/request/request.js:1219:14)
35 verbose stack     at Request.emit (events.js:129:20)
35 verbose stack     at IncomingMessage.<anonymous> (/home/roy/.nvm/versions/node/v0.12.2/lib/node_modules/npm/node_modules/request/request.js:1167:12)
35 verbose stack     at IncomingMessage.emit (events.js:129:20)
35 verbose stack     at _stream_readable.js:908:16
35 verbose stack     at process._tickCallback (node.js:355:11)
36 verbose statusCode 403
37 verbose pkgid gulp-toolbelt
38 verbose cwd /home/roy/Development/ticketscript/toolbelt
39 error Linux 3.19.0-16-generic
40 error argv "node" "/home/roy/.nvm/versions/node/v0.12.2/bin/npm" "publish"
41 error node v0.12.2
42 error npm  v2.9.0
43 error code E403
44 error "You cannot publish over the previously published version 1.0.3." : gulp-toolbelt
45 error If you need help, you may report this error at:
45 error     <https://github.com/npm/npm/issues>
46 verbose exit [ 1, true ]
